[debug] [2022-03-28T20:42:13.577Z] ----------------------------------------------------------------------
[debug] [2022-03-28T20:42:13.579Z] Command:       C:\Program Files\nodejs\node.exe C:\Users\crzyc\AppData\Roaming\npm\node_modules\firebase-tools\lib\bin\firebase.js init
[debug] [2022-03-28T20:42:13.580Z] CLI Version:   10.5.0
[debug] [2022-03-28T20:42:13.580Z] Platform:      win32
[debug] [2022-03-28T20:42:13.580Z] Node Version:  v15.13.0
[debug] [2022-03-28T20:42:13.581Z] Time:          Mon Mar 28 2022 16:42:13 GMT-0400 (Eastern Daylight Time)
[debug] [2022-03-28T20:42:13.581Z] ----------------------------------------------------------------------
[debug] 
[debug] [2022-03-28T20:42:13.590Z] > command requires scopes: ["email","openid","https://www.googleapis.com/auth/cloudplatformprojects.readonly","https://www.googleapis.com/auth/firebase","https://www.googleapis.com/auth/cloud-platform"]
[debug] [2022-03-28T20:42:13.590Z] > authorizing via signed-in user (crzychelc@gmail.com)
[info] 
     ######## #### ########  ######## ########     ###     ######  ########
     ##        ##  ##     ## ##       ##     ##  ##   ##  ##       ##
     ######    ##  ########  ######   ########  #########  ######  ######
     ##        ##  ##    ##  ##       ##     ## ##     ##       ## ##
     ##       #### ##     ## ######## ########  ##     ##  ######  ########

You're about to initialize a Firebase project in this directory:

  C:\Users\crzyc\Documents\Coding Projects\ccarroll-dev

[info] 
=== Project Setup
[info] 
[info] First, let's associate this project directory with a Firebase project.
[info] You can create multiple project aliases by running firebase use --add, 
[info] but for now we'll just set up a default project.
[info] 
[debug] [2022-03-28T20:42:29.767Z] >>> [apiv2][query] GET https://firebase.googleapis.com/v1beta1/projects pageSize=100
[debug] [2022-03-28T20:42:30.220Z] <<< [apiv2][status] GET https://firebase.googleapis.com/v1beta1/projects 200
[debug] [2022-03-28T20:42:30.220Z] <<< [apiv2][body] GET https://firebase.googleapis.com/v1beta1/projects [omitted]
[info] i  Using project ccarroll-dev (ccarroll-dev) 
[info] 
=== Hosting Setup
[info] 
[info] Your public directory is the folder (relative to your project directory) that
[info] will contain Hosting assets to be uploaded with firebase deploy. If you
[info] have a build process for your assets, use your build's output directory.
[info] 
